[1210/115845.227:ERROR:mf_helpers.cc(14)] Error in dxva_video_decode_accelerator_win.cc on line 1612
[1210/115845.228:ERROR:mf_helpers.cc(14)] Error in dxva_video_decode_accelerator_win.cc on line 842
[1210/115845.329:WARNING:angle_platform_impl.cc(52)] compileToBinary(230): 
C:\fakepath(69,8-58): warning X3571: pow(f, e) will not work for negative f, use abs(f) or conditionally handle negative values if you expect them
C:\fakepath(77,9-43): warning X3571: pow(f, e) will not work for negative f, use abs(f) or conditionally handle negative values if you expect them

[1210/171312.917:ERROR:mf_helpers.cc(14)] Error in dxva_video_decode_accelerator_win.cc on line 1612
[1210/171312.917:ERROR:mf_helpers.cc(14)] Error in dxva_video_decode_accelerator_win.cc on line 842
[1210/171312.965:WARNING:angle_platform_impl.cc(52)] compileToBinary(230): 
C:\fakepath(69,8-58): warning X3571: pow(f, e) will not work for negative f, use abs(f) or conditionally handle negative values if you expect them
C:\fakepath(77,9-43): warning X3571: pow(f, e) will not work for negative f, use abs(f) or conditionally handle negative values if you expect them

[1210/173159.248:ERROR:mf_helpers.cc(14)] Error in dxva_video_decode_accelerator_win.cc on line 1612
[1210/173159.248:ERROR:mf_helpers.cc(14)] Error in dxva_video_decode_accelerator_win.cc on line 842
[1210/173159.289:WARNING:angle_platform_impl.cc(52)] compileToBinary(230): 
C:\fakepath(69,8-58): warning X3571: pow(f, e) will not work for negative f, use abs(f) or conditionally handle negative values if you expect them
C:\fakepath(77,9-43): warning X3571: pow(f, e) will not work for negative f, use abs(f) or conditionally handle negative values if you expect them

[1210/173201.907:ERROR:mf_helpers.cc(14)] Error in dxva_video_decode_accelerator_win.cc on line 1612
[1210/173201.907:ERROR:mf_helpers.cc(14)] Error in dxva_video_decode_accelerator_win.cc on line 842
[1210/181428.835:WARNING:dns_config_service_win.cc(668)] Failed to read DnsConfig.
[1210/181433.858:WARNING:dns_config_service_win.cc(668)] Failed to read DnsConfig.
[1210/181438.871:WARNING:dns_config_service_win.cc(668)] Failed to read DnsConfig.
[1210/181443.886:WARNING:dns_config_service_win.cc(668)] Failed to read DnsConfig.
[1210/181448.896:WARNING:dns_config_service_win.cc(668)] Failed to read DnsConfig.
[1210/181453.907:WARNING:dns_config_service_win.cc(668)] Failed to read DnsConfig.
[1210/181458.922:WARNING:dns_config_service_win.cc(668)] Failed to read DnsConfig.
[1210/181503.943:WARNING:dns_config_service_win.cc(668)] Failed to read DnsConfig.
[1210/181508.955:WARNING:dns_config_service_win.cc(668)] Failed to read DnsConfig.
[1210/181513.971:WARNING:dns_config_service_win.cc(668)] Failed to read DnsConfig.
[1210/181518.984:WARNING:dns_config_service_win.cc(668)] Failed to read DnsConfig.
[1210/181523.994:WARNING:dns_config_service_win.cc(668)] Failed to read DnsConfig.
[1210/181529.010:WARNING:dns_config_service_win.cc(668)] Failed to read DnsConfig.
[1210/181534.044:WARNING:dns_config_service_win.cc(668)] Failed to read DnsConfig.
[1210/181539.070:WARNING:dns_config_service_win.cc(668)] Failed to read DnsConfig.
[1210/181544.080:WARNING:dns_config_service_win.cc(668)] Failed to read DnsConfig.
[1210/181549.102:WARNING:dns_config_service_win.cc(668)] Failed to read DnsConfig.
[1210/181554.114:WARNING:dns_config_service_win.cc(668)] Failed to read DnsConfig.
[1210/181559.129:WARNING:dns_config_service_win.cc(668)] Failed to read DnsConfig.
[1210/181604.140:WARNING:dns_config_service_win.cc(668)] Failed to read DnsConfig.
[1210/181609.157:WARNING:dns_config_service_win.cc(668)] Failed to read DnsConfig.
[1210/181614.182:WARNING:dns_config_service_win.cc(668)] Failed to read DnsConfig.
[1210/181619.192:WARNING:dns_config_service_win.cc(668)] Failed to read DnsConfig.
[1210/181624.210:WARNING:dns_config_service_win.cc(668)] Failed to read DnsConfig.
[1210/181629.232:WARNING:dns_config_service_win.cc(668)] Failed to read DnsConfig.
[1210/181634.238:WARNING:dns_config_service_win.cc(668)] Failed to read DnsConfig.
[1210/181639.248:WARNING:dns_config_service_win.cc(668)] Failed to read DnsConfig.
[1210/181644.258:WARNING:dns_config_service_win.cc(668)] Failed to read DnsConfig.
[1210/181649.273:WARNING:dns_config_service_win.cc(668)] Failed to read DnsConfig.
[1210/181654.298:WARNING:dns_config_service_win.cc(668)] Failed to read DnsConfig.
[1210/181659.307:WARNING:dns_config_service_win.cc(668)] Failed to read DnsConfig.
[1210/181704.327:WARNING:dns_config_service_win.cc(668)] Failed to read DnsConfig.
[1210/181709.334:WARNING:dns_config_service_win.cc(668)] Failed to read DnsConfig.
[1210/181714.345:WARNING:dns_config_service_win.cc(668)] Failed to read DnsConfig.
[1210/181719.370:WARNING:dns_config_service_win.cc(668)] Failed to read DnsConfig.
[1210/181724.388:WARNING:dns_config_service_win.cc(668)] Failed to read DnsConfig.
[1210/181729.406:WARNING:dns_config_service_win.cc(668)] Failed to read DnsConfig.
[1210/181734.424:WARNING:dns_config_service_win.cc(668)] Failed to read DnsConfig.
[1210/181739.441:WARNING:dns_config_service_win.cc(668)] Failed to read DnsConfig.
[1210/181744.461:WARNING:dns_config_service_win.cc(668)] Failed to read DnsConfig.
[1210/181749.468:WARNING:dns_config_service_win.cc(668)] Failed to read DnsConfig.
[1210/181754.477:WARNING:dns_config_service_win.cc(668)] Failed to read DnsConfig.
[1210/181759.491:WARNING:dns_config_service_win.cc(668)] Failed to read DnsConfig.
[1210/181804.509:WARNING:dns_config_service_win.cc(668)] Failed to read DnsConfig.
[1210/181809.530:WARNING:dns_config_service_win.cc(668)] Failed to read DnsConfig.
[1210/181814.549:WARNING:dns_config_service_win.cc(668)] Failed to read DnsConfig.
[1210/181819.577:WARNING:dns_config_service_win.cc(668)] Failed to read DnsConfig.
[1210/181824.595:WARNING:dns_config_service_win.cc(668)] Failed to read DnsConfig.
[1210/181829.606:WARNING:dns_config_service_win.cc(668)] Failed to read DnsConfig.
[1210/181834.638:WARNING:dns_config_service_win.cc(668)] Failed to read DnsConfig.
[1210/181839.652:WARNING:dns_config_service_win.cc(668)] Failed to read DnsConfig.
[1210/181844.668:WARNING:dns_config_service_win.cc(668)] Failed to read DnsConfig.
[1210/181849.706:WARNING:dns_config_service_win.cc(668)] Failed to read DnsConfig.
[1210/181854.733:WARNING:dns_config_service_win.cc(668)] Failed to read DnsConfig.
[1210/181859.751:WARNING:dns_config_service_win.cc(668)] Failed to read DnsConfig.
[1210/181904.781:WARNING:dns_config_service_win.cc(668)] Failed to read DnsConfig.
[1210/181909.801:WARNING:dns_config_service_win.cc(668)] Failed to read DnsConfig.
[1210/181914.823:WARNING:dns_config_service_win.cc(668)] Failed to read DnsConfig.
[1210/181919.843:WARNING:dns_config_service_win.cc(668)] Failed to read DnsConfig.
[1210/181924.850:WARNING:dns_config_service_win.cc(668)] Failed to read DnsConfig.
[1210/181929.888:WARNING:dns_config_service_win.cc(668)] Failed to read DnsConfig.
[1210/181934.915:WARNING:dns_config_service_win.cc(668)] Failed to read DnsConfig.
[1210/181939.927:WARNING:dns_config_service_win.cc(668)] Failed to read DnsConfig.
[1210/181944.935:WARNING:dns_config_service_win.cc(668)] Failed to read DnsConfig.
[1210/181949.958:WARNING:dns_config_service_win.cc(668)] Failed to read DnsConfig.
[1210/181954.977:WARNING:dns_config_service_win.cc(668)] Failed to read DnsConfig.
[1210/182000.011:WARNING:dns_config_service_win.cc(668)] Failed to read DnsConfig.
[1210/182005.020:WARNING:dns_config_service_win.cc(668)] Failed to read DnsConfig.
[1210/182010.038:WARNING:dns_config_service_win.cc(668)] Failed to read DnsConfig.
[1210/182015.057:WARNING:dns_config_service_win.cc(668)] Failed to read DnsConfig.
[1210/182020.073:WARNING:dns_config_service_win.cc(668)] Failed to read DnsConfig.
[1210/182025.107:WARNING:dns_config_service_win.cc(668)] Failed to read DnsConfig.
[1210/182030.132:WARNING:dns_config_service_win.cc(668)] Failed to read DnsConfig.
[1210/182035.146:WARNING:dns_config_service_win.cc(668)] Failed to read DnsConfig.
[1210/182040.152:WARNING:dns_config_service_win.cc(668)] Failed to read DnsConfig.
[1210/182045.180:WARNING:dns_config_service_win.cc(668)] Failed to read DnsConfig.
[1210/182050.190:WARNING:dns_config_service_win.cc(668)] Failed to read DnsConfig.
[1210/182055.199:WARNING:dns_config_service_win.cc(668)] Failed to read DnsConfig.
[1210/182100.236:WARNING:dns_config_service_win.cc(668)] Failed to read DnsConfig.
[1210/182105.252:WARNING:dns_config_service_win.cc(668)] Failed to read DnsConfig.
[1210/182110.267:WARNING:dns_config_service_win.cc(668)] Failed to read DnsConfig.
[1210/182115.275:WARNING:dns_config_service_win.cc(668)] Failed to read DnsConfig.
[1210/182120.300:WARNING:dns_config_service_win.cc(668)] Failed to read DnsConfig.
[1210/182125.318:WARNING:dns_config_service_win.cc(668)] Failed to read DnsConfig.
[1210/182130.339:WARNING:dns_config_service_win.cc(668)] Failed to read DnsConfig.
[1210/182135.360:WARNING:dns_config_service_win.cc(668)] Failed to read DnsConfig.
[1210/182140.374:WARNING:dns_config_service_win.cc(668)] Failed to read DnsConfig.
[1210/182145.383:WARNING:dns_config_service_win.cc(668)] Failed to read DnsConfig.
[1210/182150.397:WARNING:dns_config_service_win.cc(668)] Failed to read DnsConfig.
[1210/182155.417:WARNING:dns_config_service_win.cc(668)] Failed to read DnsConfig.
[1210/182200.450:WARNING:dns_config_service_win.cc(668)] Failed to read DnsConfig.
[1210/182205.459:WARNING:dns_config_service_win.cc(668)] Failed to read DnsConfig.
[1210/182210.469:WARNING:dns_config_service_win.cc(668)] Failed to read DnsConfig.
[1210/182215.508:WARNING:dns_config_service_win.cc(668)] Failed to read DnsConfig.
[1210/182220.533:WARNING:dns_config_service_win.cc(668)] Failed to read DnsConfig.
[1210/182225.543:WARNING:dns_config_service_win.cc(668)] Failed to read DnsConfig.
[1210/182230.554:WARNING:dns_config_service_win.cc(668)] Failed to read DnsConfig.
[1210/182235.568:WARNING:dns_config_service_win.cc(668)] Failed to read DnsConfig.
[1210/182240.574:WARNING:dns_config_service_win.cc(668)] Failed to read DnsConfig.
[1210/182245.585:WARNING:dns_config_service_win.cc(668)] Failed to read DnsConfig.
[1210/182250.601:WARNING:dns_config_service_win.cc(668)] Failed to read DnsConfig.
[1210/182255.625:WARNING:dns_config_service_win.cc(668)] Failed to read DnsConfig.
[1210/182300.637:WARNING:dns_config_service_win.cc(668)] Failed to read DnsConfig.
[1210/182305.653:WARNING:dns_config_service_win.cc(668)] Failed to read DnsConfig.
[1210/182310.661:WARNING:dns_config_service_win.cc(668)] Failed to read DnsConfig.
[1210/182315.695:WARNING:dns_config_service_win.cc(668)] Failed to read DnsConfig.
[1210/182320.704:WARNING:dns_config_service_win.cc(668)] Failed to read DnsConfig.
[1210/182325.727:WARNING:dns_config_service_win.cc(668)] Failed to read DnsConfig.
[1210/182330.742:WARNING:dns_config_service_win.cc(668)] Failed to read DnsConfig.
[1210/182335.766:WARNING:dns_config_service_win.cc(668)] Failed to read DnsConfig.
[1210/182340.778:WARNING:dns_config_service_win.cc(668)] Failed to read DnsConfig.
[1210/182345.798:WARNING:dns_config_service_win.cc(668)] Failed to read DnsConfig.
[1210/182414.604:WARNING:dns_config_service_win.cc(668)] Failed to read DnsConfig.
[1210/182419.615:WARNING:dns_config_service_win.cc(668)] Failed to read DnsConfig.
[1210/182424.644:WARNING:dns_config_service_win.cc(668)] Failed to read DnsConfig.
[1210/182429.660:WARNING:dns_config_service_win.cc(668)] Failed to read DnsConfig.
[1210/182434.686:WARNING:dns_config_service_win.cc(668)] Failed to read DnsConfig.
[1210/182439.697:WARNING:dns_config_service_win.cc(668)] Failed to read DnsConfig.
[1210/182444.710:WARNING:dns_config_service_win.cc(668)] Failed to read DnsConfig.
[1210/182449.730:WARNING:dns_config_service_win.cc(668)] Failed to read DnsConfig.
[1210/182454.757:WARNING:dns_config_service_win.cc(668)] Failed to read DnsConfig.
[1210/182459.770:WARNING:dns_config_service_win.cc(668)] Failed to read DnsConfig.
[1210/182504.781:WARNING:dns_config_service_win.cc(668)] Failed to read DnsConfig.
[1210/182509.806:WARNING:dns_config_service_win.cc(668)] Failed to read DnsConfig.
[1210/182514.827:WARNING:dns_config_service_win.cc(668)] Failed to read DnsConfig.
[1210/182519.844:WARNING:dns_config_service_win.cc(668)] Failed to read DnsConfig.
[1210/182524.855:WARNING:dns_config_service_win.cc(668)] Failed to read DnsConfig.
[1210/182529.861:WARNING:dns_config_service_win.cc(668)] Failed to read DnsConfig.
[1210/182534.867:WARNING:dns_config_service_win.cc(668)] Failed to read DnsConfig.
[1210/182539.874:WARNING:dns_config_service_win.cc(668)] Failed to read DnsConfig.
[1210/182544.889:WARNING:dns_config_service_win.cc(668)] Failed to read DnsConfig.
[1210/182549.907:WARNING:dns_config_service_win.cc(668)] Failed to read DnsConfig.
[1210/182554.922:WARNING:dns_config_service_win.cc(668)] Failed to read DnsConfig.
[1210/182559.943:WARNING:dns_config_service_win.cc(668)] Failed to read DnsConfig.
[1210/182604.962:WARNING:dns_config_service_win.cc(668)] Failed to read DnsConfig.
[1210/182609.979:WARNING:dns_config_service_win.cc(668)] Failed to read DnsConfig.
[1210/182615.015:WARNING:dns_config_service_win.cc(668)] Failed to read DnsConfig.
[1210/182620.035:WARNING:dns_config_service_win.cc(668)] Failed to read DnsConfig.
[1210/182625.056:WARNING:dns_config_service_win.cc(668)] Failed to read DnsConfig.
[1210/182630.074:WARNING:dns_config_service_win.cc(668)] Failed to read DnsConfig.
[1210/182635.092:WARNING:dns_config_service_win.cc(668)] Failed to read DnsConfig.
[1210/182640.111:WARNING:dns_config_service_win.cc(668)] Failed to read DnsConfig.
[1210/182645.137:WARNING:dns_config_service_win.cc(668)] Failed to read DnsConfig.
[1210/182650.165:WARNING:dns_config_service_win.cc(668)] Failed to read DnsConfig.
[1210/182655.184:WARNING:dns_config_service_win.cc(668)] Failed to read DnsConfig.
[1210/182700.209:WARNING:dns_config_service_win.cc(668)] Failed to read DnsConfig.
[1210/182705.215:WARNING:dns_config_service_win.cc(668)] Failed to read DnsConfig.
[1210/182710.244:WARNING:dns_config_service_win.cc(668)] Failed to read DnsConfig.
[1210/182715.264:WARNING:dns_config_service_win.cc(668)] Failed to read DnsConfig.
[1210/182720.271:WARNING:dns_config_service_win.cc(668)] Failed to read DnsConfig.
[1210/182725.282:WARNING:dns_config_service_win.cc(668)] Failed to read DnsConfig.
[1210/182730.299:WARNING:dns_config_service_win.cc(668)] Failed to read DnsConfig.
[1210/182735.320:WARNING:dns_config_service_win.cc(668)] Failed to read DnsConfig.
[1210/182740.331:WARNING:dns_config_service_win.cc(668)] Failed to read DnsConfig.
[1210/182745.359:WARNING:dns_config_service_win.cc(668)] Failed to read DnsConfig.
[1210/182750.378:WARNING:dns_config_service_win.cc(668)] Failed to read DnsConfig.
[1210/182755.392:WARNING:dns_config_service_win.cc(668)] Failed to read DnsConfig.
[1210/182800.407:WARNING:dns_config_service_win.cc(668)] Failed to read DnsConfig.
[1210/182805.424:WARNING:dns_config_service_win.cc(668)] Failed to read DnsConfig.
[1210/182810.444:WARNING:dns_config_service_win.cc(668)] Failed to read DnsConfig.
[1210/182815.463:WARNING:dns_config_service_win.cc(668)] Failed to read DnsConfig.
[1210/182820.486:WARNING:dns_config_service_win.cc(668)] Failed to read DnsConfig.
[1210/182825.502:WARNING:dns_config_service_win.cc(668)] Failed to read DnsConfig.
[1210/182830.512:WARNING:dns_config_service_win.cc(668)] Failed to read DnsConfig.
[1210/182835.534:WARNING:dns_config_service_win.cc(668)] Failed to read DnsConfig.
[1210/182840.548:WARNING:dns_config_service_win.cc(668)] Failed to read DnsConfig.
[1210/182845.558:WARNING:dns_config_service_win.cc(668)] Failed to read DnsConfig.
[1210/182850.569:WARNING:dns_config_service_win.cc(668)] Failed to read DnsConfig.
[1210/182855.591:WARNING:dns_config_service_win.cc(668)] Failed to read DnsConfig.
[1210/182900.605:WARNING:dns_config_service_win.cc(668)] Failed to read DnsConfig.
[1210/182905.625:WARNING:dns_config_service_win.cc(668)] Failed to read DnsConfig.
[1210/182910.639:WARNING:dns_config_service_win.cc(668)] Failed to read DnsConfig.
[1210/182915.649:WARNING:dns_config_service_win.cc(668)] Failed to read DnsConfig.
[1210/182920.666:WARNING:dns_config_service_win.cc(668)] Failed to read DnsConfig.
[1210/182925.681:WARNING:dns_config_service_win.cc(668)] Failed to read DnsConfig.
[1210/182930.698:WARNING:dns_config_service_win.cc(668)] Failed to read DnsConfig.
[1210/182935.705:WARNING:dns_config_service_win.cc(668)] Failed to read DnsConfig.
[1210/182940.727:WARNING:dns_config_service_win.cc(668)] Failed to read DnsConfig.
[1210/182945.751:WARNING:dns_config_service_win.cc(668)] Failed to read DnsConfig.
[1210/182950.764:WARNING:dns_config_service_win.cc(668)] Failed to read DnsConfig.
[1210/182955.783:WARNING:dns_config_service_win.cc(668)] Failed to read DnsConfig.
[1210/183000.812:WARNING:dns_config_service_win.cc(668)] Failed to read DnsConfig.
[1210/183005.825:WARNING:dns_config_service_win.cc(668)] Failed to read DnsConfig.
[1210/183010.852:WARNING:dns_config_service_win.cc(668)] Failed to read DnsConfig.
[1210/183015.877:WARNING:dns_config_service_win.cc(668)] Failed to read DnsConfig.
[1210/183020.900:WARNING:dns_config_service_win.cc(668)] Failed to read DnsConfig.
[1210/183025.914:WARNING:dns_config_service_win.cc(668)] Failed to read DnsConfig.
[1210/183030.927:WARNING:dns_config_service_win.cc(668)] Failed to read DnsConfig.
[1210/183035.941:WARNING:dns_config_service_win.cc(668)] Failed to read DnsConfig.
[1210/183040.964:WARNING:dns_config_service_win.cc(668)] Failed to read DnsConfig.
[1210/183045.980:WARNING:dns_config_service_win.cc(668)] Failed to read DnsConfig.
[1210/183050.995:WARNING:dns_config_service_win.cc(668)] Failed to read DnsConfig.
[1210/183056.012:WARNING:dns_config_service_win.cc(668)] Failed to read DnsConfig.
[1210/183101.030:WARNING:dns_config_service_win.cc(668)] Failed to read DnsConfig.
[1210/183106.044:WARNING:dns_config_service_win.cc(668)] Failed to read DnsConfig.
[1210/183111.062:WARNING:dns_config_service_win.cc(668)] Failed to read DnsConfig.
[1210/183116.077:WARNING:dns_config_service_win.cc(668)] Failed to read DnsConfig.
[1210/183121.090:WARNING:dns_config_service_win.cc(668)] Failed to read DnsConfig.
[1210/183126.112:WARNING:dns_config_service_win.cc(668)] Failed to read DnsConfig.
[1210/183131.137:WARNING:dns_config_service_win.cc(668)] Failed to read DnsConfig.
[1210/183136.160:WARNING:dns_config_service_win.cc(668)] Failed to read DnsConfig.
[1210/183141.182:WARNING:dns_config_service_win.cc(668)] Failed to read DnsConfig.
[1210/183146.197:WARNING:dns_config_service_win.cc(668)] Failed to read DnsConfig.
[1210/183151.223:WARNING:dns_config_service_win.cc(668)] Failed to read DnsConfig.
[1210/183156.239:WARNING:dns_config_service_win.cc(668)] Failed to read DnsConfig.
[1210/183201.262:WARNING:dns_config_service_win.cc(668)] Failed to read DnsConfig.
[1210/183206.276:WARNING:dns_config_service_win.cc(668)] Failed to read DnsConfig.
[1210/183211.296:WARNING:dns_config_service_win.cc(668)] Failed to read DnsConfig.
[1210/183216.312:WARNING:dns_config_service_win.cc(668)] Failed to read DnsConfig.
[1210/183221.332:WARNING:dns_config_service_win.cc(668)] Failed to read DnsConfig.
[1210/183226.338:WARNING:dns_config_service_win.cc(668)] Failed to read DnsConfig.
[1210/183231.363:WARNING:dns_config_service_win.cc(668)] Failed to read DnsConfig.
[1210/183236.374:WARNING:dns_config_service_win.cc(668)] Failed to read DnsConfig.
[1210/183241.391:WARNING:dns_config_service_win.cc(668)] Failed to read DnsConfig.
[1210/183246.400:WARNING:dns_config_service_win.cc(668)] Failed to read DnsConfig.
[1210/183251.426:WARNING:dns_config_service_win.cc(668)] Failed to read DnsConfig.
[1210/183256.439:WARNING:dns_config_service_win.cc(668)] Failed to read DnsConfig.
[1210/183301.450:WARNING:dns_config_service_win.cc(668)] Failed to read DnsConfig.
[1210/183306.456:WARNING:dns_config_service_win.cc(668)] Failed to read DnsConfig.
[1210/183311.465:WARNING:dns_config_service_win.cc(668)] Failed to read DnsConfig.
[1210/183316.491:WARNING:dns_config_service_win.cc(668)] Failed to read DnsConfig.
[1210/183321.511:WARNING:dns_config_service_win.cc(668)] Failed to read DnsConfig.
[1210/183326.517:WARNING:dns_config_service_win.cc(668)] Failed to read DnsConfig.
[1210/183331.539:WARNING:dns_config_service_win.cc(668)] Failed to read DnsConfig.
[1210/183336.556:WARNING:dns_config_service_win.cc(668)] Failed to read DnsConfig.
[1210/183341.566:WARNING:dns_config_service_win.cc(668)] Failed to read DnsConfig.
[1210/183346.583:WARNING:dns_config_service_win.cc(668)] Failed to read DnsConfig.
[1210/183351.606:WARNING:dns_config_service_win.cc(668)] Failed to read DnsConfig.
[1210/183356.626:WARNING:dns_config_service_win.cc(668)] Failed to read DnsConfig.
[1210/183401.645:WARNING:dns_config_service_win.cc(668)] Failed to read DnsConfig.
[1210/183406.657:WARNING:dns_config_service_win.cc(668)] Failed to read DnsConfig.
[1210/183411.677:WARNING:dns_config_service_win.cc(668)] Failed to read DnsConfig.
[1210/183416.692:WARNING:dns_config_service_win.cc(668)] Failed to read DnsConfig.
[1210/183421.716:WARNING:dns_config_service_win.cc(668)] Failed to read DnsConfig.
[1210/183426.736:WARNING:dns_config_service_win.cc(668)] Failed to read DnsConfig.
[1210/183431.755:WARNING:dns_config_service_win.cc(668)] Failed to read DnsConfig.
[1210/183436.777:WARNING:dns_config_service_win.cc(668)] Failed to read DnsConfig.
[1210/183441.798:WARNING:dns_config_service_win.cc(668)] Failed to read DnsConfig.
[1210/183446.819:WARNING:dns_config_service_win.cc(668)] Failed to read DnsConfig.
[1210/183451.825:WARNING:dns_config_service_win.cc(668)] Failed to read DnsConfig.
[1210/183456.839:WARNING:dns_config_service_win.cc(668)] Failed to read DnsConfig.
[1210/183501.864:WARNING:dns_config_service_win.cc(668)] Failed to read DnsConfig.
[1210/183506.880:WARNING:dns_config_service_win.cc(668)] Failed to read DnsConfig.
[1210/183511.900:WARNING:dns_config_service_win.cc(668)] Failed to read DnsConfig.
[1210/183516.915:WARNING:dns_config_service_win.cc(668)] Failed to read DnsConfig.
[1210/183521.930:WARNING:dns_config_service_win.cc(668)] Failed to read DnsConfig.
[1210/183526.943:WARNING:dns_config_service_win.cc(668)] Failed to read DnsConfig.
[1210/183531.957:WARNING:dns_config_service_win.cc(668)] Failed to read DnsConfig.
[1210/183536.988:WARNING:dns_config_service_win.cc(668)] Failed to read DnsConfig.
[1210/183542.015:WARNING:dns_config_service_win.cc(668)] Failed to read DnsConfig.
[1210/183547.039:WARNING:dns_config_service_win.cc(668)] Failed to read DnsConfig.
[1210/183552.053:WARNING:dns_config_service_win.cc(668)] Failed to read DnsConfig.
[1210/183557.066:WARNING:dns_config_service_win.cc(668)] Failed to read DnsConfig.
[1210/183602.073:WARNING:dns_config_service_win.cc(668)] Failed to read DnsConfig.
[1210/183607.086:WARNING:dns_config_service_win.cc(668)] Failed to read DnsConfig.
[1210/183612.097:WARNING:dns_config_service_win.cc(668)] Failed to read DnsConfig.
[1210/183617.116:WARNING:dns_config_service_win.cc(668)] Failed to read DnsConfig.
[1210/183622.135:WARNING:dns_config_service_win.cc(668)] Failed to read DnsConfig.
[1210/183627.156:WARNING:dns_config_service_win.cc(668)] Failed to read DnsConfig.
[1210/183632.176:WARNING:dns_config_service_win.cc(668)] Failed to read DnsConfig.
[1210/183637.193:WARNING:dns_config_service_win.cc(668)] Failed to read DnsConfig.
[1210/183642.203:WARNING:dns_config_service_win.cc(668)] Failed to read DnsConfig.
[1210/183647.221:WARNING:dns_config_service_win.cc(668)] Failed to read DnsConfig.
[1210/183652.247:WARNING:dns_config_service_win.cc(668)] Failed to read DnsConfig.
[1210/183657.262:WARNING:dns_config_service_win.cc(668)] Failed to read DnsConfig.
[1210/183702.267:WARNING:dns_config_service_win.cc(668)] Failed to read DnsConfig.
[1210/183707.278:WARNING:dns_config_service_win.cc(668)] Failed to read DnsConfig.
[1210/183712.304:WARNING:dns_config_service_win.cc(668)] Failed to read DnsConfig.
[1210/183717.318:WARNING:dns_config_service_win.cc(668)] Failed to read DnsConfig.
[1210/183722.336:WARNING:dns_config_service_win.cc(668)] Failed to read DnsConfig.
[1210/183727.347:WARNING:dns_config_service_win.cc(668)] Failed to read DnsConfig.
[1210/183732.366:WARNING:dns_config_service_win.cc(668)] Failed to read DnsConfig.
[1210/183737.391:WARNING:dns_config_service_win.cc(668)] Failed to read DnsConfig.
[1210/183742.403:WARNING:dns_config_service_win.cc(668)] Failed to read DnsConfig.
[1210/183747.420:WARNING:dns_config_service_win.cc(668)] Failed to read DnsConfig.
[1210/183752.430:WARNING:dns_config_service_win.cc(668)] Failed to read DnsConfig.
[1210/183757.451:WARNING:dns_config_service_win.cc(668)] Failed to read DnsConfig.
[1210/183802.469:WARNING:dns_config_service_win.cc(668)] Failed to read DnsConfig.
[1210/183807.477:WARNING:dns_config_service_win.cc(668)] Failed to read DnsConfig.
[1210/183812.492:WARNING:dns_config_service_win.cc(668)] Failed to read DnsConfig.
[1210/183817.506:WARNING:dns_config_service_win.cc(668)] Failed to read DnsConfig.
[1210/183822.520:WARNING:dns_config_service_win.cc(668)] Failed to read DnsConfig.
[1210/183827.544:WARNING:dns_config_service_win.cc(668)] Failed to read DnsConfig.
[1210/183832.569:WARNING:dns_config_service_win.cc(668)] Failed to read DnsConfig.
[1210/183837.587:WARNING:dns_config_service_win.cc(668)] Failed to read DnsConfig.
[1210/183842.604:WARNING:dns_config_service_win.cc(668)] Failed to read DnsConfig.
[1210/183847.612:WARNING:dns_config_service_win.cc(668)] Failed to read DnsConfig.
[1210/183852.623:WARNING:dns_config_service_win.cc(668)] Failed to read DnsConfig.
[1210/183857.643:WARNING:dns_config_service_win.cc(668)] Failed to read DnsConfig.
[1210/183902.661:WARNING:dns_config_service_win.cc(668)] Failed to read DnsConfig.
[1210/183907.677:WARNING:dns_config_service_win.cc(668)] Failed to read DnsConfig.
[1210/183912.698:WARNING:dns_config_service_win.cc(668)] Failed to read DnsConfig.
[1210/183917.723:WARNING:dns_config_service_win.cc(668)] Failed to read DnsConfig.
[1210/183922.734:WARNING:dns_config_service_win.cc(668)] Failed to read DnsConfig.
[1210/183927.748:WARNING:dns_config_service_win.cc(668)] Failed to read DnsConfig.
[1210/183932.755:WARNING:dns_config_service_win.cc(668)] Failed to read DnsConfig.
[1210/183937.780:WARNING:dns_config_service_win.cc(668)] Failed to read DnsConfig.
[1210/183942.790:WARNING:dns_config_service_win.cc(668)] Failed to read DnsConfig.
[1210/183947.808:WARNING:dns_config_service_win.cc(668)] Failed to read DnsConfig.
[1210/183952.831:WARNING:dns_config_service_win.cc(668)] Failed to read DnsConfig.
[1210/183957.854:WARNING:dns_config_service_win.cc(668)] Failed to read DnsConfig.
[1210/184002.874:WARNING:dns_config_service_win.cc(668)] Failed to read DnsConfig.
[1210/184007.894:WARNING:dns_config_service_win.cc(668)] Failed to read DnsConfig.
[1210/184012.914:WARNING:dns_config_service_win.cc(668)] Failed to read DnsConfig.
[1210/184017.933:WARNING:dns_config_service_win.cc(668)] Failed to read DnsConfig.
[1210/184022.950:WARNING:dns_config_service_win.cc(668)] Failed to read DnsConfig.
[1210/184027.969:WARNING:dns_config_service_win.cc(668)] Failed to read DnsConfig.
[1210/184032.995:WARNING:dns_config_service_win.cc(668)] Failed to read DnsConfig.
[1210/184038.004:WARNING:dns_config_service_win.cc(668)] Failed to read DnsConfig.
[1210/184043.012:WARNING:dns_config_service_win.cc(668)] Failed to read DnsConfig.
[1210/184048.033:WARNING:dns_config_service_win.cc(668)] Failed to read DnsConfig.
[1210/184053.058:WARNING:dns_config_service_win.cc(668)] Failed to read DnsConfig.
[1210/184058.072:WARNING:dns_config_service_win.cc(668)] Failed to read DnsConfig.
[1210/184103.092:WARNING:dns_config_service_win.cc(668)] Failed to read DnsConfig.
[1210/184108.114:WARNING:dns_config_service_win.cc(668)] Failed to read DnsConfig.
[1210/184113.136:WARNING:dns_config_service_win.cc(668)] Failed to read DnsConfig.
[1210/184118.160:WARNING:dns_config_service_win.cc(668)] Failed to read DnsConfig.
[1210/184123.182:WARNING:dns_config_service_win.cc(668)] Failed to read DnsConfig.
[1210/184128.207:WARNING:dns_config_service_win.cc(668)] Failed to read DnsConfig.
[1210/184133.218:WARNING:dns_config_service_win.cc(668)] Failed to read DnsConfig.
[1210/184138.237:WARNING:dns_config_service_win.cc(668)] Failed to read DnsConfig.
[1210/184143.266:WARNING:dns_config_service_win.cc(668)] Failed to read DnsConfig.
[1210/184148.280:WARNING:dns_config_service_win.cc(668)] Failed to read DnsConfig.
[1210/184153.297:WARNING:dns_config_service_win.cc(668)] Failed to read DnsConfig.
[1210/184158.313:WARNING:dns_config_service_win.cc(668)] Failed to read DnsConfig.
[1210/184203.342:WARNING:dns_config_service_win.cc(668)] Failed to read DnsConfig.
[1210/184208.362:WARNING:dns_config_service_win.cc(668)] Failed to read DnsConfig.
[1210/184213.383:WARNING:dns_config_service_win.cc(668)] Failed to read DnsConfig.
[1210/184218.405:WARNING:dns_config_service_win.cc(668)] Failed to read DnsConfig.
[1210/184223.426:WARNING:dns_config_service_win.cc(668)] Failed to read DnsConfig.
[1210/184228.445:WARNING:dns_config_service_win.cc(668)] Failed to read DnsConfig.
[1210/184233.453:WARNING:dns_config_service_win.cc(668)] Failed to read DnsConfig.
[1210/184238.468:WARNING:dns_config_service_win.cc(668)] Failed to read DnsConfig.
[1210/184243.478:WARNING:dns_config_service_win.cc(668)] Failed to read DnsConfig.
[1210/184248.506:WARNING:dns_config_service_win.cc(668)] Failed to read DnsConfig.
[1210/184253.520:WARNING:dns_config_service_win.cc(668)] Failed to read DnsConfig.
[1210/184258.543:WARNING:dns_config_service_win.cc(668)] Failed to read DnsConfig.
[1210/184303.577:WARNING:dns_config_service_win.cc(668)] Failed to read DnsConfig.
[1210/184308.597:WARNING:dns_config_service_win.cc(668)] Failed to read DnsConfig.
[1210/184313.612:WARNING:dns_config_service_win.cc(668)] Failed to read DnsConfig.
[1210/184318.622:WARNING:dns_config_service_win.cc(668)] Failed to read DnsConfig.
[1210/184323.638:WARNING:dns_config_service_win.cc(668)] Failed to read DnsConfig.
[1210/184328.659:WARNING:dns_config_service_win.cc(668)] Failed to read DnsConfig.
[1210/184333.700:WARNING:dns_config_service_win.cc(668)] Failed to read DnsConfig.
[1210/184338.723:WARNING:dns_config_service_win.cc(668)] Failed to read DnsConfig.
[1210/184343.743:WARNING:dns_config_service_win.cc(668)] Failed to read DnsConfig.
[1210/184348.760:WARNING:dns_config_service_win.cc(668)] Failed to read DnsConfig.
[1210/184353.775:WARNING:dns_config_service_win.cc(668)] Failed to read DnsConfig.
[1210/184358.787:WARNING:dns_config_service_win.cc(668)] Failed to read DnsConfig.
[1210/184403.797:WARNING:dns_config_service_win.cc(668)] Failed to read DnsConfig.
[1210/184408.815:WARNING:dns_config_service_win.cc(668)] Failed to read DnsConfig.
[1210/184413.846:WARNING:dns_config_service_win.cc(668)] Failed to read DnsConfig.
[1210/184418.858:WARNING:dns_config_service_win.cc(668)] Failed to read DnsConfig.
[1210/184423.876:WARNING:dns_config_service_win.cc(668)] Failed to read DnsConfig.
[1210/184428.897:WARNING:dns_config_service_win.cc(668)] Failed to read DnsConfig.
[1210/184433.919:WARNING:dns_config_service_win.cc(668)] Failed to read DnsConfig.
[1210/184438.939:WARNING:dns_config_service_win.cc(668)] Failed to read DnsConfig.
[1210/184443.960:WARNING:dns_config_service_win.cc(668)] Failed to read DnsConfig.
[1210/184448.972:WARNING:dns_config_service_win.cc(668)] Failed to read DnsConfig.
[1210/184453.996:WARNING:dns_config_service_win.cc(668)] Failed to read DnsConfig.
[1210/184459.009:WARNING:dns_config_service_win.cc(668)] Failed to read DnsConfig.
[1210/184504.019:WARNING:dns_config_service_win.cc(668)] Failed to read DnsConfig.
[1210/184509.037:WARNING:dns_config_service_win.cc(668)] Failed to read DnsConfig.
[1210/184514.042:WARNING:dns_config_service_win.cc(668)] Failed to read DnsConfig.
[1210/184519.064:WARNING:dns_config_service_win.cc(668)] Failed to read DnsConfig.
[1210/184524.077:WARNING:dns_config_service_win.cc(668)] Failed to read DnsConfig.
[1210/184529.083:WARNING:dns_config_service_win.cc(668)] Failed to read DnsConfig.
[1210/184534.095:WARNING:dns_config_service_win.cc(668)] Failed to read DnsConfig.
[1210/184539.112:WARNING:dns_config_service_win.cc(668)] Failed to read DnsConfig.
[1210/184544.130:WARNING:dns_config_service_win.cc(668)] Failed to read DnsConfig.
[1210/184549.143:WARNING:dns_config_service_win.cc(668)] Failed to read DnsConfig.
[1210/184554.160:WARNING:dns_config_service_win.cc(668)] Failed to read DnsConfig.
[1210/184559.180:WARNING:dns_config_service_win.cc(668)] Failed to read DnsConfig.
[1210/184604.193:WARNING:dns_config_service_win.cc(668)] Failed to read DnsConfig.
[1210/184609.212:WARNING:dns_config_service_win.cc(668)] Failed to read DnsConfig.
[1210/184614.219:WARNING:dns_config_service_win.cc(668)] Failed to read DnsConfig.
[1210/184619.235:WARNING:dns_config_service_win.cc(668)] Failed to read DnsConfig.
[1210/184624.244:WARNING:dns_config_service_win.cc(668)] Failed to read DnsConfig.
[1210/184629.259:WARNING:dns_config_service_win.cc(668)] Failed to read DnsConfig.
[1210/184634.283:WARNING:dns_config_service_win.cc(668)] Failed to read DnsConfig.
[1210/184639.289:WARNING:dns_config_service_win.cc(668)] Failed to read DnsConfig.
[1210/184644.300:WARNING:dns_config_service_win.cc(668)] Failed to read DnsConfig.
[1210/184649.303:WARNING:dns_config_service_win.cc(668)] Failed to read DnsConfig.
[1210/184654.314:WARNING:dns_config_service_win.cc(668)] Failed to read DnsConfig.
[1210/184659.330:WARNING:dns_config_service_win.cc(668)] Failed to read DnsConfig.
[1210/184704.341:WARNING:dns_config_service_win.cc(668)] Failed to read DnsConfig.
[1210/184709.349:WARNING:dns_config_service_win.cc(668)] Failed to read DnsConfig.
[1210/184714.356:WARNING:dns_config_service_win.cc(668)] Failed to read DnsConfig.
[1210/184719.376:WARNING:dns_config_service_win.cc(668)] Failed to read DnsConfig.
[1210/184724.388:WARNING:dns_config_service_win.cc(668)] Failed to read DnsConfig.
[1210/184729.397:WARNING:dns_config_service_win.cc(668)] Failed to read DnsConfig.
[1210/184734.413:WARNING:dns_config_service_win.cc(668)] Failed to read DnsConfig.
[1210/184739.421:WARNING:dns_config_service_win.cc(668)] Failed to read DnsConfig.
[1210/184744.426:WARNING:dns_config_service_win.cc(668)] Failed to read DnsConfig.
[1210/184749.438:WARNING:dns_config_service_win.cc(668)] Failed to read DnsConfig.
[1210/184754.444:WARNING:dns_config_service_win.cc(668)] Failed to read DnsConfig.
[1210/184759.452:WARNING:dns_config_service_win.cc(668)] Failed to read DnsConfig.
[1210/184804.464:WARNING:dns_config_service_win.cc(668)] Failed to read DnsConfig.
[1210/184809.483:WARNING:dns_config_service_win.cc(668)] Failed to read DnsConfig.
[1210/184814.495:WARNING:dns_config_service_win.cc(668)] Failed to read DnsConfig.
[1210/184819.514:WARNING:dns_config_service_win.cc(668)] Failed to read DnsConfig.
[1210/184824.529:WARNING:dns_config_service_win.cc(668)] Failed to read DnsConfig.
[1210/184829.547:WARNING:dns_config_service_win.cc(668)] Failed to read DnsConfig.
[1210/184834.557:WARNING:dns_config_service_win.cc(668)] Failed to read DnsConfig.
[1210/184839.572:WARNING:dns_config_service_win.cc(668)] Failed to read DnsConfig.
[1210/184844.599:WARNING:dns_config_service_win.cc(668)] Failed to read DnsConfig.
[1210/184849.611:WARNING:dns_config_service_win.cc(668)] Failed to read DnsConfig.
[1210/184854.623:WARNING:dns_config_service_win.cc(668)] Failed to read DnsConfig.
[1210/184859.649:WARNING:dns_config_service_win.cc(668)] Failed to read DnsConfig.
[1210/184904.664:WARNING:dns_config_service_win.cc(668)] Failed to read DnsConfig.
[1210/184909.679:WARNING:dns_config_service_win.cc(668)] Failed to read DnsConfig.
[1210/184914.687:WARNING:dns_config_service_win.cc(668)] Failed to read DnsConfig.
[1210/184919.702:WARNING:dns_config_service_win.cc(668)] Failed to read DnsConfig.
[1210/184924.721:WARNING:dns_config_service_win.cc(668)] Failed to read DnsConfig.
[1210/184929.739:WARNING:dns_config_service_win.cc(668)] Failed to read DnsConfig.
[1210/184934.763:WARNING:dns_config_service_win.cc(668)] Failed to read DnsConfig.
[1210/184939.782:WARNING:dns_config_service_win.cc(668)] Failed to read DnsConfig.
[1210/184944.797:WARNING:dns_config_service_win.cc(668)] Failed to read DnsConfig.
[1210/184949.821:WARNING:dns_config_service_win.cc(668)] Failed to read DnsConfig.
[1210/184954.834:WARNING:dns_config_service_win.cc(668)] Failed to read DnsConfig.
[1210/184959.842:WARNING:dns_config_service_win.cc(668)] Failed to read DnsConfig.
[1210/185004.857:WARNING:dns_config_service_win.cc(668)] Failed to read DnsConfig.
[1210/185009.861:WARNING:dns_config_service_win.cc(668)] Failed to read DnsConfig.
[1210/185014.877:WARNING:dns_config_service_win.cc(668)] Failed to read DnsConfig.
[1210/185019.898:WARNING:dns_config_service_win.cc(668)] Failed to read DnsConfig.
[1210/185024.908:WARNING:dns_config_service_win.cc(668)] Failed to read DnsConfig.
[1210/185029.929:WARNING:dns_config_service_win.cc(668)] Failed to read DnsConfig.
[1210/185034.956:WARNING:dns_config_service_win.cc(668)] Failed to read DnsConfig.
[1210/185039.970:WARNING:dns_config_service_win.cc(668)] Failed to read DnsConfig.
[1210/185044.988:WARNING:dns_config_service_win.cc(668)] Failed to read DnsConfig.
[1210/185050.003:WARNING:dns_config_service_win.cc(668)] Failed to read DnsConfig.
[1210/185055.016:WARNING:dns_config_service_win.cc(668)] Failed to read DnsConfig.
[1210/185100.035:WARNING:dns_config_service_win.cc(668)] Failed to read DnsConfig.
[1210/185105.058:WARNING:dns_config_service_win.cc(668)] Failed to read DnsConfig.
[1210/185110.072:WARNING:dns_config_service_win.cc(668)] Failed to read DnsConfig.
[1210/185115.092:WARNING:dns_config_service_win.cc(668)] Failed to read DnsConfig.
[1210/185120.116:WARNING:dns_config_service_win.cc(668)] Failed to read DnsConfig.
[1210/185125.137:WARNING:dns_config_service_win.cc(668)] Failed to read DnsConfig.
[1210/185130.150:WARNING:dns_config_service_win.cc(668)] Failed to read DnsConfig.
[1210/185135.162:WARNING:dns_config_service_win.cc(668)] Failed to read DnsConfig.
[1210/185140.180:WARNING:dns_config_service_win.cc(668)] Failed to read DnsConfig.
[1210/185145.192:WARNING:dns_config_service_win.cc(668)] Failed to read DnsConfig.
[1210/185150.201:WARNING:dns_config_service_win.cc(668)] Failed to read DnsConfig.
[1210/185155.222:WARNING:dns_config_service_win.cc(668)] Failed to read DnsConfig.
[1210/185200.242:WARNING:dns_config_service_win.cc(668)] Failed to read DnsConfig.
[1210/185205.256:WARNING:dns_config_service_win.cc(668)] Failed to read DnsConfig.
[1210/185210.277:WARNING:dns_config_service_win.cc(668)] Failed to read DnsConfig.
[1210/185215.291:WARNING:dns_config_service_win.cc(668)] Failed to read DnsConfig.
[1210/185220.313:WARNING:dns_config_service_win.cc(668)] Failed to read DnsConfig.
[1210/185225.328:WARNING:dns_config_service_win.cc(668)] Failed to read DnsConfig.
[1210/185230.347:WARNING:dns_config_service_win.cc(668)] Failed to read DnsConfig.
[1210/185235.357:WARNING:dns_config_service_win.cc(668)] Failed to read DnsConfig.
[1210/185240.378:WARNING:dns_config_service_win.cc(668)] Failed to read DnsConfig.
[1210/185245.397:WARNING:dns_config_service_win.cc(668)] Failed to read DnsConfig.
[1210/185250.412:WARNING:dns_config_service_win.cc(668)] Failed to read DnsConfig.
[1210/185255.428:WARNING:dns_config_service_win.cc(668)] Failed to read DnsConfig.
[1210/185300.440:WARNING:dns_config_service_win.cc(668)] Failed to read DnsConfig.
[1210/185305.460:WARNING:dns_config_service_win.cc(668)] Failed to read DnsConfig.
[1210/185310.471:WARNING:dns_config_service_win.cc(668)] Failed to read DnsConfig.
[1210/185315.483:WARNING:dns_config_service_win.cc(668)] Failed to read DnsConfig.
[1210/185320.492:WARNING:dns_config_service_win.cc(668)] Failed to read DnsConfig.
[1210/185325.508:WARNING:dns_config_service_win.cc(668)] Failed to read DnsConfig.
[1210/185330.522:WARNING:dns_config_service_win.cc(668)] Failed to read DnsConfig.
[1210/185335.540:WARNING:dns_config_service_win.cc(668)] Failed to read DnsConfig.
[1210/185340.559:WARNING:dns_config_service_win.cc(668)] Failed to read DnsConfig.
[1210/185345.573:WARNING:dns_config_service_win.cc(668)] Failed to read DnsConfig.
[1210/185350.590:WARNING:dns_config_service_win.cc(668)] Failed to read DnsConfig.
[1210/185355.611:WARNING:dns_config_service_win.cc(668)] Failed to read DnsConfig.
[1210/185400.627:WARNING:dns_config_service_win.cc(668)] Failed to read DnsConfig.
[1210/185405.651:WARNING:dns_config_service_win.cc(668)] Failed to read DnsConfig.
[1210/185410.663:WARNING:dns_config_service_win.cc(668)] Failed to read DnsConfig.
[1210/185415.675:WARNING:dns_config_service_win.cc(668)] Failed to read DnsConfig.
[1210/185420.694:WARNING:dns_config_service_win.cc(668)] Failed to read DnsConfig.
[1210/185425.713:WARNING:dns_config_service_win.cc(668)] Failed to read DnsConfig.
[1210/185430.720:WARNING:dns_config_service_win.cc(668)] Failed to read DnsConfig.
[1210/185435.734:WARNING:dns_config_service_win.cc(668)] Failed to read DnsConfig.
[1210/185440.746:WARNING:dns_config_service_win.cc(668)] Failed to read DnsConfig.
[1210/185445.760:WARNING:dns_config_service_win.cc(668)] Failed to read DnsConfig.
[1210/185450.778:WARNING:dns_config_service_win.cc(668)] Failed to read DnsConfig.
[1210/185455.791:WARNING:dns_config_service_win.cc(668)] Failed to read DnsConfig.
[1210/185500.808:WARNING:dns_config_service_win.cc(668)] Failed to read DnsConfig.
[1210/185505.822:WARNING:dns_config_service_win.cc(668)] Failed to read DnsConfig.
[1210/185510.831:WARNING:dns_config_service_win.cc(668)] Failed to read DnsConfig.
[1210/185515.851:WARNING:dns_config_service_win.cc(668)] Failed to read DnsConfig.
[1210/185520.873:WARNING:dns_config_service_win.cc(668)] Failed to read DnsConfig.
[1210/185525.889:WARNING:dns_config_service_win.cc(668)] Failed to read DnsConfig.
[1210/185530.909:WARNING:dns_config_service_win.cc(668)] Failed to read DnsConfig.
[1210/185535.927:WARNING:dns_config_service_win.cc(668)] Failed to read DnsConfig.
[1210/185540.939:WARNING:dns_config_service_win.cc(668)] Failed to read DnsConfig.
[1210/185545.959:WARNING:dns_config_service_win.cc(668)] Failed to read DnsConfig.
[1210/185550.972:WARNING:dns_config_service_win.cc(668)] Failed to read DnsConfig.
[1210/185555.987:WARNING:dns_config_service_win.cc(668)] Failed to read DnsConfig.
[1210/185601.013:WARNING:dns_config_service_win.cc(668)] Failed to read DnsConfig.
[1210/185606.034:WARNING:dns_config_service_win.cc(668)] Failed to read DnsConfig.
[1210/185611.053:WARNING:dns_config_service_win.cc(668)] Failed to read DnsConfig.
[1210/185616.069:WARNING:dns_config_service_win.cc(668)] Failed to read DnsConfig.
[1210/185621.074:WARNING:dns_config_service_win.cc(668)] Failed to read DnsConfig.
[1210/185626.091:WARNING:dns_config_service_win.cc(668)] Failed to read DnsConfig.
[1210/185631.117:WARNING:dns_config_service_win.cc(668)] Failed to read DnsConfig.
[1210/185636.131:WARNING:dns_config_service_win.cc(668)] Failed to read DnsConfig.
[1210/185641.154:WARNING:dns_config_service_win.cc(668)] Failed to read DnsConfig.
[1210/185646.162:WARNING:dns_config_service_win.cc(668)] Failed to read DnsConfig.
[1210/185651.173:WARNING:dns_config_service_win.cc(668)] Failed to read DnsConfig.
[1210/185656.193:WARNING:dns_config_service_win.cc(668)] Failed to read DnsConfig.
[1210/185701.207:WARNING:dns_config_service_win.cc(668)] Failed to read DnsConfig.
[1210/185706.227:WARNING:dns_config_service_win.cc(668)] Failed to read DnsConfig.
[1210/185711.245:WARNING:dns_config_service_win.cc(668)] Failed to read DnsConfig.
[1210/185716.257:WARNING:dns_config_service_win.cc(668)] Failed to read DnsConfig.
[1210/185721.278:WARNING:dns_config_service_win.cc(668)] Failed to read DnsConfig.
[1210/185726.301:WARNING:dns_config_service_win.cc(668)] Failed to read DnsConfig.
[1210/185731.323:WARNING:dns_config_service_win.cc(668)] Failed to read DnsConfig.
[1210/185736.341:WARNING:dns_config_service_win.cc(668)] Failed to read DnsConfig.
[1210/185741.361:WARNING:dns_config_service_win.cc(668)] Failed to read DnsConfig.
[1210/185746.379:WARNING:dns_config_service_win.cc(668)] Failed to read DnsConfig.
[1210/185751.400:WARNING:dns_config_service_win.cc(668)] Failed to read DnsConfig.
[1210/185756.408:WARNING:dns_config_service_win.cc(668)] Failed to read DnsConfig.
[1210/185801.420:WARNING:dns_config_service_win.cc(668)] Failed to read DnsConfig.
[1210/185806.439:WARNING:dns_config_service_win.cc(668)] Failed to read DnsConfig.
[1210/185811.459:WARNING:dns_config_service_win.cc(668)] Failed to read DnsConfig.
[1210/185816.484:WARNING:dns_config_service_win.cc(668)] Failed to read DnsConfig.
[1210/185821.499:WARNING:dns_config_service_win.cc(668)] Failed to read DnsConfig.
[1210/185826.523:WARNING:dns_config_service_win.cc(668)] Failed to read DnsConfig.
[1210/185831.537:WARNING:dns_config_service_win.cc(668)] Failed to read DnsConfig.
[1210/185836.554:WARNING:dns_config_service_win.cc(668)] Failed to read DnsConfig.
[1210/185841.571:WARNING:dns_config_service_win.cc(668)] Failed to read DnsConfig.
[1210/185846.574:WARNING:dns_config_service_win.cc(668)] Failed to read DnsConfig.
[1210/185851.588:WARNING:dns_config_service_win.cc(668)] Failed to read DnsConfig.
[1210/185856.600:WARNING:dns_config_service_win.cc(668)] Failed to read DnsConfig.
[1210/185901.619:WARNING:dns_config_service_win.cc(668)] Failed to read DnsConfig.
[1210/185906.640:WARNING:dns_config_service_win.cc(668)] Failed to read DnsConfig.
[1210/185911.646:WARNING:dns_config_service_win.cc(668)] Failed to read DnsConfig.
[1210/185916.660:WARNING:dns_config_service_win.cc(668)] Failed to read DnsConfig.
[1210/185921.681:WARNING:dns_config_service_win.cc(668)] Failed to read DnsConfig.
[1210/185926.699:WARNING:dns_config_service_win.cc(668)] Failed to read DnsConfig.
[1210/185931.721:WARNING:dns_config_service_win.cc(668)] Failed to read DnsConfig.
[1210/185936.735:WARNING:dns_config_service_win.cc(668)] Failed to read DnsConfig.
[1210/185941.745:WARNING:dns_config_service_win.cc(668)] Failed to read DnsConfig.
[1210/185946.760:WARNING:dns_config_service_win.cc(668)] Failed to read DnsConfig.
[1210/185951.779:WARNING:dns_config_service_win.cc(668)] Failed to read DnsConfig.
[1210/185956.794:WARNING:dns_config_service_win.cc(668)] Failed to read DnsConfig.
[1210/190001.806:WARNING:dns_config_service_win.cc(668)] Failed to read DnsConfig.
[1210/190006.823:WARNING:dns_config_service_win.cc(668)] Failed to read DnsConfig.
[1210/190011.842:WARNING:dns_config_service_win.cc(668)] Failed to read DnsConfig.
[1210/190016.850:WARNING:dns_config_service_win.cc(668)] Failed to read DnsConfig.
[1210/190021.880:WARNING:dns_config_service_win.cc(668)] Failed to read DnsConfig.
[1210/190026.901:WARNING:dns_config_service_win.cc(668)] Failed to read DnsConfig.
[1210/190031.916:WARNING:dns_config_service_win.cc(668)] Failed to read DnsConfig.
[1210/190036.929:WARNING:dns_config_service_win.cc(668)] Failed to read DnsConfig.
[1210/190041.938:WARNING:dns_config_service_win.cc(668)] Failed to read DnsConfig.
[1210/190046.951:WARNING:dns_config_service_win.cc(668)] Failed to read DnsConfig.
[1210/190051.957:WARNING:dns_config_service_win.cc(668)] Failed to read DnsConfig.
[1210/190056.966:WARNING:dns_config_service_win.cc(668)] Failed to read DnsConfig.
[1210/190101.989:WARNING:dns_config_service_win.cc(668)] Failed to read DnsConfig.
[1210/190107.010:WARNING:dns_config_service_win.cc(668)] Failed to read DnsConfig.
[1210/190112.015:WARNING:dns_config_service_win.cc(668)] Failed to read DnsConfig.
[1210/190117.039:WARNING:dns_config_service_win.cc(668)] Failed to read DnsConfig.
[1210/190122.055:WARNING:dns_config_service_win.cc(668)] Failed to read DnsConfig.
[1210/190127.071:WARNING:dns_config_service_win.cc(668)] Failed to read DnsConfig.
[1210/190132.096:WARNING:dns_config_service_win.cc(668)] Failed to read DnsConfig.
[1210/190137.111:WARNING:dns_config_service_win.cc(668)] Failed to read DnsConfig.
[1210/190142.137:WARNING:dns_config_service_win.cc(668)] Failed to read DnsConfig.
[1210/190147.156:WARNING:dns_config_service_win.cc(668)] Failed to read DnsConfig.
[1210/190152.163:WARNING:dns_config_service_win.cc(668)] Failed to read DnsConfig.
[1210/190157.173:WARNING:dns_config_service_win.cc(668)] Failed to read DnsConfig.
[1210/190202.178:WARNING:dns_config_service_win.cc(668)] Failed to read DnsConfig.
[1210/190207.193:WARNING:dns_config_service_win.cc(668)] Failed to read DnsConfig.
[1210/190212.202:WARNING:dns_config_service_win.cc(668)] Failed to read DnsConfig.
[1210/190217.217:WARNING:dns_config_service_win.cc(668)] Failed to read DnsConfig.
[1210/190222.234:WARNING:dns_config_service_win.cc(668)] Failed to read DnsConfig.
[1210/190227.247:WARNING:dns_config_service_win.cc(668)] Failed to read DnsConfig.
[1210/190232.263:WARNING:dns_config_service_win.cc(668)] Failed to read DnsConfig.
[1210/190237.279:WARNING:dns_config_service_win.cc(668)] Failed to read DnsConfig.
[1210/190242.285:WARNING:dns_config_service_win.cc(668)] Failed to read DnsConfig.
[1210/190247.310:WARNING:dns_config_service_win.cc(668)] Failed to read DnsConfig.
[1210/190252.334:WARNING:dns_config_service_win.cc(668)] Failed to read DnsConfig.
[1210/190257.349:WARNING:dns_config_service_win.cc(668)] Failed to read DnsConfig.
[1210/190302.365:WARNING:dns_config_service_win.cc(668)] Failed to read DnsConfig.
[1210/190307.375:WARNING:dns_config_service_win.cc(668)] Failed to read DnsConfig.
[1210/190312.393:WARNING:dns_config_service_win.cc(668)] Failed to read DnsConfig.
[1210/190317.408:WARNING:dns_config_service_win.cc(668)] Failed to read DnsConfig.
[1210/190322.416:WARNING:dns_config_service_win.cc(668)] Failed to read DnsConfig.
[1210/190327.431:WARNING:dns_config_service_win.cc(668)] Failed to read DnsConfig.
[1210/190332.458:WARNING:dns_config_service_win.cc(668)] Failed to read DnsConfig.
[1210/190337.475:WARNING:dns_config_service_win.cc(668)] Failed to read DnsConfig.
[1210/190342.496:WARNING:dns_config_service_win.cc(668)] Failed to read DnsConfig.
[1210/190347.513:WARNING:dns_config_service_win.cc(668)] Failed to read DnsConfig.
[1210/190352.529:WARNING:dns_config_service_win.cc(668)] Failed to read DnsConfig.
[1210/190357.554:WARNING:dns_config_service_win.cc(668)] Failed to read DnsConfig.
[1210/190402.559:WARNING:dns_config_service_win.cc(668)] Failed to read DnsConfig.
[1210/190407.568:WARNING:dns_config_service_win.cc(668)] Failed to read DnsConfig.
[1210/190412.584:WARNING:dns_config_service_win.cc(668)] Failed to read DnsConfig.
[1210/190417.596:WARNING:dns_config_service_win.cc(668)] Failed to read DnsConfig.
[1210/190422.612:WARNING:dns_config_service_win.cc(668)] Failed to read DnsConfig.
[1210/190427.623:WARNING:dns_config_service_win.cc(668)] Failed to read DnsConfig.
[1210/190432.634:WARNING:dns_config_service_win.cc(668)] Failed to read DnsConfig.
[1210/190437.649:WARNING:dns_config_service_win.cc(668)] Failed to read DnsConfig.
[1210/190442.667:WARNING:dns_config_service_win.cc(668)] Failed to read DnsConfig.
[1210/190447.677:WARNING:dns_config_service_win.cc(668)] Failed to read DnsConfig.
[1210/190452.683:WARNING:dns_config_service_win.cc(668)] Failed to read DnsConfig.
[1210/190457.697:WARNING:dns_config_service_win.cc(668)] Failed to read DnsConfig.
[1210/190502.706:WARNING:dns_config_service_win.cc(668)] Failed to read DnsConfig.
[1210/190507.723:WARNING:dns_config_service_win.cc(668)] Failed to read DnsConfig.
[1210/190512.739:WARNING:dns_config_service_win.cc(668)] Failed to read DnsConfig.
[1210/190517.758:WARNING:dns_config_service_win.cc(668)] Failed to read DnsConfig.
[1210/190522.763:WARNING:dns_config_service_win.cc(668)] Failed to read DnsConfig.
[1210/190527.775:WARNING:dns_config_service_win.cc(668)] Failed to read DnsConfig.
[1210/190532.800:WARNING:dns_config_service_win.cc(668)] Failed to read DnsConfig.
[1210/190537.811:WARNING:dns_config_service_win.cc(668)] Failed to read DnsConfig.
[1210/190542.830:WARNING:dns_config_service_win.cc(668)] Failed to read DnsConfig.
[1210/190547.848:WARNING:dns_config_service_win.cc(668)] Failed to read DnsConfig.
[1210/190552.860:WARNING:dns_config_service_win.cc(668)] Failed to read DnsConfig.
[1210/190557.872:WARNING:dns_config_service_win.cc(668)] Failed to read DnsConfig.
[1210/190602.886:WARNING:dns_config_service_win.cc(668)] Failed to read DnsConfig.
[1210/190607.907:WARNING:dns_config_service_win.cc(668)] Failed to read DnsConfig.
[1210/190612.913:WARNING:dns_config_service_win.cc(668)] Failed to read DnsConfig.
[1210/190617.928:WARNING:dns_config_service_win.cc(668)] Failed to read DnsConfig.
[1210/190622.942:WARNING:dns_config_service_win.cc(668)] Failed to read DnsConfig.
[1210/190627.950:WARNING:dns_config_service_win.cc(668)] Failed to read DnsConfig.
[1210/190632.955:WARNING:dns_config_service_win.cc(668)] Failed to read DnsConfig.
[1210/190637.967:WARNING:dns_config_service_win.cc(668)] Failed to read DnsConfig.
[1210/190642.990:WARNING:dns_config_service_win.cc(668)] Failed to read DnsConfig.
[1210/190648.002:WARNING:dns_config_service_win.cc(668)] Failed to read DnsConfig.
[1210/190653.022:WARNING:dns_config_service_win.cc(668)] Failed to read DnsConfig.
[1210/190658.034:WARNING:dns_config_service_win.cc(668)] Failed to read DnsConfig.
[1210/190703.052:WARNING:dns_config_service_win.cc(668)] Failed to read DnsConfig.
[1210/190708.071:WARNING:dns_config_service_win.cc(668)] Failed to read DnsConfig.
[1210/190713.090:WARNING:dns_config_service_win.cc(668)] Failed to read DnsConfig.
[1210/190718.106:WARNING:dns_config_service_win.cc(668)] Failed to read DnsConfig.
[1210/190723.116:WARNING:dns_config_service_win.cc(668)] Failed to read DnsConfig.
[1210/190728.137:WARNING:dns_config_service_win.cc(668)] Failed to read DnsConfig.
[1210/190733.141:WARNING:dns_config_service_win.cc(668)] Failed to read DnsConfig.
[1210/190738.160:WARNING:dns_config_service_win.cc(668)] Failed to read DnsConfig.
[1210/190743.167:WARNING:dns_config_service_win.cc(668)] Failed to read DnsConfig.
[1210/190748.192:WARNING:dns_config_service_win.cc(668)] Failed to read DnsConfig.
[1210/190753.212:WARNING:dns_config_service_win.cc(668)] Failed to read DnsConfig.
[1210/190758.228:WARNING:dns_config_service_win.cc(668)] Failed to read DnsConfig.
[1210/190803.239:WARNING:dns_config_service_win.cc(668)] Failed to read DnsConfig.
[1210/190808.262:WARNING:dns_config_service_win.cc(668)] Failed to read DnsConfig.
[1210/190813.271:WARNING:dns_config_service_win.cc(668)] Failed to read DnsConfig.
[1210/190818.287:WARNING:dns_config_service_win.cc(668)] Failed to read DnsConfig.
[1210/190823.311:WARNING:dns_config_service_win.cc(668)] Failed to read DnsConfig.
[1210/190828.321:WARNING:dns_config_service_win.cc(668)] Failed to read DnsConfig.
[1210/190833.333:WARNING:dns_config_service_win.cc(668)] Failed to read DnsConfig.
[1210/190838.351:WARNING:dns_config_service_win.cc(668)] Failed to read DnsConfig.
[1210/190843.363:WARNING:dns_config_service_win.cc(668)] Failed to read DnsConfig.
[1210/190848.371:WARNING:dns_config_service_win.cc(668)] Failed to read DnsConfig.
[1210/190853.384:WARNING:dns_config_service_win.cc(668)] Failed to read DnsConfig.
[1210/190858.400:WARNING:dns_config_service_win.cc(668)] Failed to read DnsConfig.
[1210/190903.414:WARNING:dns_config_service_win.cc(668)] Failed to read DnsConfig.
[1210/190908.430:WARNING:dns_config_service_win.cc(668)] Failed to read DnsConfig.
[1210/190913.440:WARNING:dns_config_service_win.cc(668)] Failed to read DnsConfig.
[1210/190918.468:WARNING:dns_config_service_win.cc(668)] Failed to read DnsConfig.
[1210/190923.489:WARNING:dns_config_service_win.cc(668)] Failed to read DnsConfig.
[1210/190928.514:WARNING:dns_config_service_win.cc(668)] Failed to read DnsConfig.
[1210/190933.535:WARNING:dns_config_service_win.cc(668)] Failed to read DnsConfig.
[1210/190938.555:WARNING:dns_config_service_win.cc(668)] Failed to read DnsConfig.
[1210/190943.567:WARNING:dns_config_service_win.cc(668)] Failed to read DnsConfig.
[1210/190948.585:WARNING:dns_config_service_win.cc(668)] Failed to read DnsConfig.
[1210/190953.593:WARNING:dns_config_service_win.cc(668)] Failed to read DnsConfig.
[1210/190958.611:WARNING:dns_config_service_win.cc(668)] Failed to read DnsConfig.
[1210/191003.621:WARNING:dns_config_service_win.cc(668)] Failed to read DnsConfig.
[1210/191008.640:WARNING:dns_config_service_win.cc(668)] Failed to read DnsConfig.
[1210/191013.653:WARNING:dns_config_service_win.cc(668)] Failed to read DnsConfig.
[1210/191018.663:WARNING:dns_config_service_win.cc(668)] Failed to read DnsConfig.
[1210/191023.676:WARNING:dns_config_service_win.cc(668)] Failed to read DnsConfig.
[1210/191028.682:WARNING:dns_config_service_win.cc(668)] Failed to read DnsConfig.
[1210/191033.695:WARNING:dns_config_service_win.cc(668)] Failed to read DnsConfig.
[1210/191038.705:WARNING:dns_config_service_win.cc(668)] Failed to read DnsConfig.
[1210/191043.729:WARNING:dns_config_service_win.cc(668)] Failed to read DnsConfig.
[1210/191048.748:WARNING:dns_config_service_win.cc(668)] Failed to read DnsConfig.
[1210/191053.770:WARNING:dns_config_service_win.cc(668)] Failed to read DnsConfig.
[1210/191058.783:WARNING:dns_config_service_win.cc(668)] Failed to read DnsConfig.
[1210/191103.799:WARNING:dns_config_service_win.cc(668)] Failed to read DnsConfig.
[1210/191108.814:WARNING:dns_config_service_win.cc(668)] Failed to read DnsConfig.
[1210/191113.832:WARNING:dns_config_service_win.cc(668)] Failed to read DnsConfig.
[1210/191118.837:WARNING:dns_config_service_win.cc(668)] Failed to read DnsConfig.
[1210/191123.855:WARNING:dns_config_service_win.cc(668)] Failed to read DnsConfig.
[1210/191128.870:WARNING:dns_config_service_win.cc(668)] Failed to read DnsConfig.
[1210/191133.881:WARNING:dns_config_service_win.cc(668)] Failed to read DnsConfig.
[1210/191138.900:WARNING:dns_config_service_win.cc(668)] Failed to read DnsConfig.
[1210/191143.916:WARNING:dns_config_service_win.cc(668)] Failed to read DnsConfig.
[1210/191148.925:WARNING:dns_config_service_win.cc(668)] Failed to read DnsConfig.
[1210/191153.936:WARNING:dns_config_service_win.cc(668)] Failed to read DnsConfig.
[1210/191158.948:WARNING:dns_config_service_win.cc(668)] Failed to read DnsConfig.
[1210/191203.964:WARNING:dns_config_service_win.cc(668)] Failed to read DnsConfig.
[1210/191208.991:WARNING:dns_config_service_win.cc(668)] Failed to read DnsConfig.
[1210/191214.014:WARNING:dns_config_service_win.cc(668)] Failed to read DnsConfig.
[1210/191219.033:WARNING:dns_config_service_win.cc(668)] Failed to read DnsConfig.
[1210/191224.046:WARNING:dns_config_service_win.cc(668)] Failed to read DnsConfig.
[1210/191229.060:WARNING:dns_config_service_win.cc(668)] Failed to read DnsConfig.
[1210/191234.072:WARNING:dns_config_service_win.cc(668)] Failed to read DnsConfig.
[1210/191239.081:WARNING:dns_config_service_win.cc(668)] Failed to read DnsConfig.
[1210/191244.100:WARNING:dns_config_service_win.cc(668)] Failed to read DnsConfig.
[1210/191249.125:WARNING:dns_config_service_win.cc(668)] Failed to read DnsConfig.
[1210/191254.143:WARNING:dns_config_service_win.cc(668)] Failed to read DnsConfig.
[1210/191259.163:WARNING:dns_config_service_win.cc(668)] Failed to read DnsConfig.
[1210/191304.181:WARNING:dns_config_service_win.cc(668)] Failed to read DnsConfig.
[1210/191309.185:WARNING:dns_config_service_win.cc(668)] Failed to read DnsConfig.
[1210/191314.199:WARNING:dns_config_service_win.cc(668)] Failed to read DnsConfig.
[1210/191319.214:WARNING:dns_config_service_win.cc(668)] Failed to read DnsConfig.
[1210/191324.232:WARNING:dns_config_service_win.cc(668)] Failed to read DnsConfig.
[1210/191329.258:WARNING:dns_config_service_win.cc(668)] Failed to read DnsConfig.
[1210/191334.277:WARNING:dns_config_service_win.cc(668)] Failed to read DnsConfig.
[1210/191339.289:WARNING:dns_config_service_win.cc(668)] Failed to read DnsConfig.
[1210/191344.313:WARNING:dns_config_service_win.cc(668)] Failed to read DnsConfig.
[1210/191349.332:WARNING:dns_config_service_win.cc(668)] Failed to read DnsConfig.
[1210/191354.347:WARNING:dns_config_service_win.cc(668)] Failed to read DnsConfig.
[1210/191359.358:WARNING:dns_config_service_win.cc(668)] Failed to read DnsConfig.
[1210/191404.365:WARNING:dns_config_service_win.cc(668)] Failed to read DnsConfig.
[1210/191409.378:WARNING:dns_config_service_win.cc(668)] Failed to read DnsConfig.
[1210/191414.391:WARNING:dns_config_service_win.cc(668)] Failed to read DnsConfig.
[1210/191419.413:WARNING:dns_config_service_win.cc(668)] Failed to read DnsConfig.
[1210/191424.422:WARNING:dns_config_service_win.cc(668)] Failed to read DnsConfig.
[1210/191429.431:WARNING:dns_config_service_win.cc(668)] Failed to read DnsConfig.
[1210/191434.458:WARNING:dns_config_service_win.cc(668)] Failed to read DnsConfig.
[1210/191439.482:WARNING:dns_config_service_win.cc(668)] Failed to read DnsConfig.
[1210/191444.488:WARNING:dns_config_service_win.cc(668)] Failed to read DnsConfig.
[1210/191449.505:WARNING:dns_config_service_win.cc(668)] Failed to read DnsConfig.
[1210/191454.518:WARNING:dns_config_service_win.cc(668)] Failed to read DnsConfig.
[1210/191459.524:WARNING:dns_config_service_win.cc(668)] Failed to read DnsConfig.
[1210/191504.549:WARNING:dns_config_service_win.cc(668)] Failed to read DnsConfig.
[1210/191509.574:WARNING:dns_config_service_win.cc(668)] Failed to read DnsConfig.
[1210/191514.584:WARNING:dns_config_service_win.cc(668)] Failed to read DnsConfig.
[1210/191519.601:WARNING:dns_config_service_win.cc(668)] Failed to read DnsConfig.
[1210/191524.618:WARNING:dns_config_service_win.cc(668)] Failed to read DnsConfig.
[1210/191529.647:WARNING:dns_config_service_win.cc(668)] Failed to read DnsConfig.
[1210/191534.676:WARNING:dns_config_service_win.cc(668)] Failed to read DnsConfig.
[1210/191539.689:WARNING:dns_config_service_win.cc(668)] Failed to read DnsConfig.
[1210/191544.709:WARNING:dns_config_service_win.cc(668)] Failed to read DnsConfig.
[1210/191549.729:WARNING:dns_config_service_win.cc(668)] Failed to read DnsConfig.
[1210/191554.743:WARNING:dns_config_service_win.cc(668)] Failed to read DnsConfig.
[1210/191559.767:WARNING:dns_config_service_win.cc(668)] Failed to read DnsConfig.
[1210/191604.780:WARNING:dns_config_service_win.cc(668)] Failed to read DnsConfig.
[1210/191609.787:WARNING:dns_config_service_win.cc(668)] Failed to read DnsConfig.
[1210/191614.803:WARNING:dns_config_service_win.cc(668)] Failed to read DnsConfig.
[1210/191619.826:WARNING:dns_config_service_win.cc(668)] Failed to read DnsConfig.
[1210/191624.837:WARNING:dns_config_service_win.cc(668)] Failed to read DnsConfig.
[1210/191629.849:WARNING:dns_config_service_win.cc(668)] Failed to read DnsConfig.
[1210/191634.864:WARNING:dns_config_service_win.cc(668)] Failed to read DnsConfig.
[1210/191639.888:WARNING:dns_config_service_win.cc(668)] Failed to read DnsConfig.
[1210/191644.904:WARNING:dns_config_service_win.cc(668)] Failed to read DnsConfig.
[1210/191649.912:WARNING:dns_config_service_win.cc(668)] Failed to read DnsConfig.
[1210/191654.938:WARNING:dns_config_service_win.cc(668)] Failed to read DnsConfig.
[1210/191659.948:WARNING:dns_config_service_win.cc(668)] Failed to read DnsConfig.
[1210/191704.971:WARNING:dns_config_service_win.cc(668)] Failed to read DnsConfig.
[1210/191709.978:WARNING:dns_config_service_win.cc(668)] Failed to read DnsConfig.
[1210/191714.987:WARNING:dns_config_service_win.cc(668)] Failed to read DnsConfig.
[1210/191720.001:WARNING:dns_config_service_win.cc(668)] Failed to read DnsConfig.
[1210/191725.018:WARNING:dns_config_service_win.cc(668)] Failed to read DnsConfig.
[1210/191730.032:WARNING:dns_config_service_win.cc(668)] Failed to read DnsConfig.
[1210/191735.051:WARNING:dns_config_service_win.cc(668)] Failed to read DnsConfig.
[1210/191740.071:WARNING:dns_config_service_win.cc(668)] Failed to read DnsConfig.
[1210/191745.081:WARNING:dns_config_service_win.cc(668)] Failed to read DnsConfig.
[1210/191750.105:WARNING:dns_config_service_win.cc(668)] Failed to read DnsConfig.
[1210/191755.121:WARNING:dns_config_service_win.cc(668)] Failed to read DnsConfig.
[1210/191800.139:WARNING:dns_config_service_win.cc(668)] Failed to read DnsConfig.
[1210/191805.163:WARNING:dns_config_service_win.cc(668)] Failed to read DnsConfig.
[1210/191810.180:WARNING:dns_config_service_win.cc(668)] Failed to read DnsConfig.
[1210/191815.190:WARNING:dns_config_service_win.cc(668)] Failed to read DnsConfig.
[1210/191820.209:WARNING:dns_config_service_win.cc(668)] Failed to read DnsConfig.
[1210/191825.218:WARNING:dns_config_service_win.cc(668)] Failed to read DnsConfig.
[1210/191830.240:WARNING:dns_config_service_win.cc(668)] Failed to read DnsConfig.
[1210/191835.264:WARNING:dns_config_service_win.cc(668)] Failed to read DnsConfig.
[1210/191840.280:WARNING:dns_config_service_win.cc(668)] Failed to read DnsConfig.
[1210/191845.304:WARNING:dns_config_service_win.cc(668)] Failed to read DnsConfig.
[1210/191850.329:WARNING:dns_config_service_win.cc(668)] Failed to read DnsConfig.
[1210/191855.355:WARNING:dns_config_service_win.cc(668)] Failed to read DnsConfig.
[1210/191900.366:WARNING:dns_config_service_win.cc(668)] Failed to read DnsConfig.
[1210/191905.383:WARNING:dns_config_service_win.cc(668)] Failed to read DnsConfig.
[1210/191910.400:WARNING:dns_config_service_win.cc(668)] Failed to read DnsConfig.
[1210/191915.409:WARNING:dns_config_service_win.cc(668)] Failed to read DnsConfig.
[1210/191920.422:WARNING:dns_config_service_win.cc(668)] Failed to read DnsConfig.
[1210/191925.443:WARNING:dns_config_service_win.cc(668)] Failed to read DnsConfig.
[1210/191930.463:WARNING:dns_config_service_win.cc(668)] Failed to read DnsConfig.
[1210/191935.484:WARNING:dns_config_service_win.cc(668)] Failed to read DnsConfig.
[1210/191940.496:WARNING:dns_config_service_win.cc(668)] Failed to read DnsConfig.
[1210/191945.508:WARNING:dns_config_service_win.cc(668)] Failed to read DnsConfig.
[1210/191950.522:WARNING:dns_config_service_win.cc(668)] Failed to read DnsConfig.
[1210/191955.539:WARNING:dns_config_service_win.cc(668)] Failed to read DnsConfig.
[1210/192000.556:WARNING:dns_config_service_win.cc(668)] Failed to read DnsConfig.
[1210/192005.567:WARNING:dns_config_service_win.cc(668)] Failed to read DnsConfig.
[1210/192010.582:WARNING:dns_config_service_win.cc(668)] Failed to read DnsConfig.
[1210/192015.597:WARNING:dns_config_service_win.cc(668)] Failed to read DnsConfig.
[1210/192020.614:WARNING:dns_config_service_win.cc(668)] Failed to read DnsConfig.
[1210/192025.629:WARNING:dns_config_service_win.cc(668)] Failed to read DnsConfig.
[1210/192030.648:WARNING:dns_config_service_win.cc(668)] Failed to read DnsConfig.
[1210/192035.666:WARNING:dns_config_service_win.cc(668)] Failed to read DnsConfig.
[1210/192040.688:WARNING:dns_config_service_win.cc(668)] Failed to read DnsConfig.
[1210/192045.700:WARNING:dns_config_service_win.cc(668)] Failed to read DnsConfig.
[1210/192050.712:WARNING:dns_config_service_win.cc(668)] Failed to read DnsConfig.
[1210/192055.734:WARNING:dns_config_service_win.cc(668)] Failed to read DnsConfig.
[1210/192100.752:WARNING:dns_config_service_win.cc(668)] Failed to read DnsConfig.
[1210/192105.762:WARNING:dns_config_service_win.cc(668)] Failed to read DnsConfig.
[1210/192110.774:WARNING:dns_config_service_win.cc(668)] Failed to read DnsConfig.
[1210/192115.798:WARNING:dns_config_service_win.cc(668)] Failed to read DnsConfig.
[1210/192120.818:WARNING:dns_config_service_win.cc(668)] Failed to read DnsConfig.
[1210/192125.838:WARNING:dns_config_service_win.cc(668)] Failed to read DnsConfig.
[1210/192130.859:WARNING:dns_config_service_win.cc(668)] Failed to read DnsConfig.
[1210/192135.869:WARNING:dns_config_service_win.cc(668)] Failed to read DnsConfig.
[1210/192140.881:WARNING:dns_config_service_win.cc(668)] Failed to read DnsConfig.
[1210/192145.888:WARNING:dns_config_service_win.cc(668)] Failed to read DnsConfig.
[1210/192150.909:WARNING:dns_config_service_win.cc(668)] Failed to read DnsConfig.
[1210/192155.934:WARNING:dns_config_service_win.cc(668)] Failed to read DnsConfig.
[1210/192200.951:WARNING:dns_config_service_win.cc(668)] Failed to read DnsConfig.
[1210/192205.963:WARNING:dns_config_service_win.cc(668)] Failed to read DnsConfig.
[1210/192210.989:WARNING:dns_config_service_win.cc(668)] Failed to read DnsConfig.
[1210/192216.005:WARNING:dns_config_service_win.cc(668)] Failed to read DnsConfig.
[1210/192221.023:WARNING:dns_config_service_win.cc(668)] Failed to read DnsConfig.
[1210/192226.037:WARNING:dns_config_service_win.cc(668)] Failed to read DnsConfig.
[1210/192231.061:WARNING:dns_config_service_win.cc(668)] Failed to read DnsConfig.
[1210/192236.076:WARNING:dns_config_service_win.cc(668)] Failed to read DnsConfig.
[1210/192241.095:WARNING:dns_config_service_win.cc(668)] Failed to read DnsConfig.
[1210/192246.118:WARNING:dns_config_service_win.cc(668)] Failed to read DnsConfig.
[1210/192251.138:WARNING:dns_config_service_win.cc(668)] Failed to read DnsConfig.
[1210/192256.161:WARNING:dns_config_service_win.cc(668)] Failed to read DnsConfig.
[1210/192301.169:WARNING:dns_config_service_win.cc(668)] Failed to read DnsConfig.
[1210/192306.188:WARNING:dns_config_service_win.cc(668)] Failed to read DnsConfig.
[1210/192311.206:WARNING:dns_config_service_win.cc(668)] Failed to read DnsConfig.
[1210/192316.212:WARNING:dns_config_service_win.cc(668)] Failed to read DnsConfig.
[1210/192321.225:WARNING:dns_config_service_win.cc(668)] Failed to read DnsConfig.
[1210/192326.245:WARNING:dns_config_service_win.cc(668)] Failed to read DnsConfig.
[1210/192331.270:WARNING:dns_config_service_win.cc(668)] Failed to read DnsConfig.
[1210/192336.278:WARNING:dns_config_service_win.cc(668)] Failed to read DnsConfig.
[1210/192341.294:WARNING:dns_config_service_win.cc(668)] Failed to read DnsConfig.
[1210/192346.317:WARNING:dns_config_service_win.cc(668)] Failed to read DnsConfig.
[1210/192351.332:WARNING:dns_config_service_win.cc(668)] Failed to read DnsConfig.
[1210/192356.347:WARNING:dns_config_service_win.cc(668)] Failed to read DnsConfig.
[1210/192401.367:WARNING:dns_config_service_win.cc(668)] Failed to read DnsConfig.
[1210/192406.379:WARNING:dns_config_service_win.cc(668)] Failed to read DnsConfig.
[1210/192411.405:WARNING:dns_config_service_win.cc(668)] Failed to read DnsConfig.
[1210/192416.413:WARNING:dns_config_service_win.cc(668)] Failed to read DnsConfig.
[1210/192421.420:WARNING:dns_config_service_win.cc(668)] Failed to read DnsConfig.
[1210/192426.440:WARNING:dns_config_service_win.cc(668)] Failed to read DnsConfig.
[1210/192431.459:WARNING:dns_config_service_win.cc(668)] Failed to read DnsConfig.
[1210/192436.472:WARNING:dns_config_service_win.cc(668)] Failed to read DnsConfig.
[1210/192441.479:WARNING:dns_config_service_win.cc(668)] Failed to read DnsConfig.
[1210/192446.488:WARNING:dns_config_service_win.cc(668)] Failed to read DnsConfig.
[1210/192451.493:WARNING:dns_config_service_win.cc(668)] Failed to read DnsConfig.
[1210/192456.498:WARNING:dns_config_service_win.cc(668)] Failed to read DnsConfig.
[1210/192501.514:WARNING:dns_config_service_win.cc(668)] Failed to read DnsConfig.
[1210/192506.525:WARNING:dns_config_service_win.cc(668)] Failed to read DnsConfig.
[1210/192511.544:WARNING:dns_config_service_win.cc(668)] Failed to read DnsConfig.
[1210/192516.569:WARNING:dns_config_service_win.cc(668)] Failed to read DnsConfig.
[1210/192521.583:WARNING:dns_config_service_win.cc(668)] Failed to read DnsConfig.
[1210/192526.603:WARNING:dns_config_service_win.cc(668)] Failed to read DnsConfig.
[1210/192531.616:WARNING:dns_config_service_win.cc(668)] Failed to read DnsConfig.
[1210/192536.635:WARNING:dns_config_service_win.cc(668)] Failed to read DnsConfig.
[1210/192541.656:WARNING:dns_config_service_win.cc(668)] Failed to read DnsConfig.
[1210/192546.673:WARNING:dns_config_service_win.cc(668)] Failed to read DnsConfig.
[1210/192551.688:WARNING:dns_config_service_win.cc(668)] Failed to read DnsConfig.
[1210/192556.707:WARNING:dns_config_service_win.cc(668)] Failed to read DnsConfig.
[1210/192601.721:WARNING:dns_config_service_win.cc(668)] Failed to read DnsConfig.
[1210/192606.741:WARNING:dns_config_service_win.cc(668)] Failed to read DnsConfig.
[1210/192611.761:WARNING:dns_config_service_win.cc(668)] Failed to read DnsConfig.
[1210/192616.773:WARNING:dns_config_service_win.cc(668)] Failed to read DnsConfig.
[1210/192621.794:WARNING:dns_config_service_win.cc(668)] Failed to read DnsConfig.
[1210/192626.807:WARNING:dns_config_service_win.cc(668)] Failed to read DnsConfig.
[1210/192631.822:WARNING:dns_config_service_win.cc(668)] Failed to read DnsConfig.
[1210/192636.847:WARNING:dns_config_service_win.cc(668)] Failed to read DnsConfig.
[1210/192641.869:WARNING:dns_config_service_win.cc(668)] Failed to read DnsConfig.
[1210/192646.879:WARNING:dns_config_service_win.cc(668)] Failed to read DnsConfig.
[1210/192651.891:WARNING:dns_config_service_win.cc(668)] Failed to read DnsConfig.
[1210/192656.910:WARNING:dns_config_service_win.cc(668)] Failed to read DnsConfig.
[1210/192701.933:WARNING:dns_config_service_win.cc(668)] Failed to read DnsConfig.
[1210/192706.948:WARNING:dns_config_service_win.cc(668)] Failed to read DnsConfig.
[1210/192711.977:WARNING:dns_config_service_win.cc(668)] Failed to read DnsConfig.
[1210/192716.995:WARNING:dns_config_service_win.cc(668)] Failed to read DnsConfig.
[1210/192722.006:WARNING:dns_config_service_win.cc(668)] Failed to read DnsConfig.
[1210/192727.013:WARNING:dns_config_service_win.cc(668)] Failed to read DnsConfig.
[1210/192732.034:WARNING:dns_config_service_win.cc(668)] Failed to read DnsConfig.
[1210/192737.046:WARNING:dns_config_service_win.cc(668)] Failed to read DnsConfig.
[1210/192742.071:WARNING:dns_config_service_win.cc(668)] Failed to read DnsConfig.
[1210/192747.090:WARNING:dns_config_service_win.cc(668)] Failed to read DnsConfig.
[1210/192752.121:WARNING:dns_config_service_win.cc(668)] Failed to read DnsConfig.
[1210/192757.136:WARNING:dns_config_service_win.cc(668)] Failed to read DnsConfig.
[1210/192802.150:WARNING:dns_config_service_win.cc(668)] Failed to read DnsConfig.
[1210/192807.167:WARNING:dns_config_service_win.cc(668)] Failed to read DnsConfig.
[1210/192812.181:WARNING:dns_config_service_win.cc(668)] Failed to read DnsConfig.
[1210/192817.192:WARNING:dns_config_service_win.cc(668)] Failed to read DnsConfig.
[1210/192822.210:WARNING:dns_config_service_win.cc(668)] Failed to read DnsConfig.
[1210/192827.219:WARNING:dns_config_service_win.cc(668)] Failed to read DnsConfig.
[1210/192832.242:WARNING:dns_config_service_win.cc(668)] Failed to read DnsConfig.
[1210/192837.249:WARNING:dns_config_service_win.cc(668)] Failed to read DnsConfig.
[1210/192842.270:WARNING:dns_config_service_win.cc(668)] Failed to read DnsConfig.
[1210/192847.289:WARNING:dns_config_service_win.cc(668)] Failed to read DnsConfig.
[1210/192852.301:WARNING:dns_config_service_win.cc(668)] Failed to read DnsConfig.
[1210/192857.315:WARNING:dns_config_service_win.cc(668)] Failed to read DnsConfig.
[1210/192902.325:WARNING:dns_config_service_win.cc(668)] Failed to read DnsConfig.
[1210/192907.330:WARNING:dns_config_service_win.cc(668)] Failed to read DnsConfig.
[1210/192912.338:WARNING:dns_config_service_win.cc(668)] Failed to read DnsConfig.
[1210/192917.354:WARNING:dns_config_service_win.cc(668)] Failed to read DnsConfig.
[1210/192922.372:WARNING:dns_config_service_win.cc(668)] Failed to read DnsConfig.
[1210/192927.382:WARNING:dns_config_service_win.cc(668)] Failed to read DnsConfig.
[1210/192932.392:WARNING:dns_config_service_win.cc(668)] Failed to read DnsConfig.
[1210/192937.409:WARNING:dns_config_service_win.cc(668)] Failed to read DnsConfig.
[1210/192942.419:WARNING:dns_config_service_win.cc(668)] Failed to read DnsConfig.
[1210/192947.435:WARNING:dns_config_service_win.cc(668)] Failed to read DnsConfig.
[1210/192952.454:WARNING:dns_config_service_win.cc(668)] Failed to read DnsConfig.
[1210/192957.475:WARNING:dns_config_service_win.cc(668)] Failed to read DnsConfig.
[1210/193002.486:WARNING:dns_config_service_win.cc(668)] Failed to read DnsConfig.
[1210/193007.500:WARNING:dns_config_service_win.cc(668)] Failed to read DnsConfig.
[1210/193012.516:WARNING:dns_config_service_win.cc(668)] Failed to read DnsConfig.
[1210/193017.535:WARNING:dns_config_service_win.cc(668)] Failed to read DnsConfig.
[1210/193022.559:WARNING:dns_config_service_win.cc(668)] Failed to read DnsConfig.
[1210/193027.568:WARNING:dns_config_service_win.cc(668)] Failed to read DnsConfig.
[1210/193032.582:WARNING:dns_config_service_win.cc(668)] Failed to read DnsConfig.
[1210/193037.602:WARNING:dns_config_service_win.cc(668)] Failed to read DnsConfig.
[1210/193042.623:WARNING:dns_config_service_win.cc(668)] Failed to read DnsConfig.
[1210/193047.638:WARNING:dns_config_service_win.cc(668)] Failed to read DnsConfig.
[1210/193052.648:WARNING:dns_config_service_win.cc(668)] Failed to read DnsConfig.
[1210/193057.660:WARNING:dns_config_service_win.cc(668)] Failed to read DnsConfig.
[1210/193102.672:WARNING:dns_config_service_win.cc(668)] Failed to read DnsConfig.
[1210/193107.697:WARNING:dns_config_service_win.cc(668)] Failed to read DnsConfig.
[1210/193112.714:WARNING:dns_config_service_win.cc(668)] Failed to read DnsConfig.
[1210/193117.729:WARNING:dns_config_service_win.cc(668)] Failed to read DnsConfig.
[1210/193122.740:WARNING:dns_config_service_win.cc(668)] Failed to read DnsConfig.
[1210/193127.760:WARNING:dns_config_service_win.cc(668)] Failed to read DnsConfig.
[1210/193132.771:WARNING:dns_config_service_win.cc(668)] Failed to read DnsConfig.
[1210/193137.784:WARNING:dns_config_service_win.cc(668)] Failed to read DnsConfig.
[1210/193142.805:WARNING:dns_config_service_win.cc(668)] Failed to read DnsConfig.
[1210/193147.820:WARNING:dns_config_service_win.cc(668)] Failed to read DnsConfig.
[1210/193152.834:WARNING:dns_config_service_win.cc(668)] Failed to read DnsConfig.
[1210/193157.856:WARNING:dns_config_service_win.cc(668)] Failed to read DnsConfig.
[1210/193202.867:WARNING:dns_config_service_win.cc(668)] Failed to read DnsConfig.
[1210/193207.878:WARNING:dns_config_service_win.cc(668)] Failed to read DnsConfig.
[1210/193212.902:WARNING:dns_config_service_win.cc(668)] Failed to read DnsConfig.
[1210/193217.910:WARNING:dns_config_service_win.cc(668)] Failed to read DnsConfig.
